<?xml version="1.0" encoding="UTF-8"?>
<!-- Generated by org.testng.reporters.JUnitReportReporter -->
<testsuite hostname="Divyashree-PC" failures="0" tests="1" name="package1.GetTitle" time="49.583" errors="0" timestamp="26 Apr 2019 08:42:19 GMT" skipped="0">
  <testcase classname="package1.GetTitle" name="getTitle" time="49.583"/>
</testsuite> <!-- package1.GetTitle -->
